This file contains any messages produced by compilers while
running configure, to aid debugging if configure makes a mistake.

It was created by FULL-PACKAGE-NAME configure VERSION, which was
generated by GNU Autoconf 2.61.  Invocation command line was

  $ ./configure 

## --------- ##
## Platform. ##
## --------- ##

hostname = debko
uname -m = i686
uname -r = 2.6.30-bpo.1-686
uname -s = Linux
uname -v = #1 SMP Mon Aug 17 14:57:26 UTC 2009

/usr/bin/uname -p = unknown
/bin/uname -X     = unknown

/bin/arch              = unknown
/usr/bin/arch -k       = unknown
/usr/convex/getsysinfo = unknown
/usr/bin/hostinfo      = unknown
/bin/machine           = unknown
/usr/bin/oslevel       = unknown
/bin/universe          = unknown

PATH: /usr/local/bin
PATH: /usr/bin
PATH: /bin
PATH: /usr/games


## ----------- ##
## Core tests. ##
## ----------- ##

configure:1773: checking for a BSD-compatible install
configure:1829: result: /usr/bin/install -c
configure:1840: checking whether build environment is sane
configure:1883: result: yes
configure:1911: checking for a thread-safe mkdir -p
configure:1950: result: /bin/mkdir -p
configure:1963: checking for gawk
configure:1993: result: no
configure:1963: checking for mawk
configure:1979: found /usr/bin/mawk
configure:1990: result: mawk
configure:2001: checking whether make sets $(MAKE)
configure:2022: result: yes
configure:2264: checking for gcc
configure:2280: found /usr/bin/gcc
configure:2291: result: gcc
configure:2529: checking for C compiler version
configure:2536: gcc --version >&5
gcc (Debian 4.3.2-1.1) 4.3.2
Copyright (C) 2008 Free Software Foundation, Inc.
This is free software; see the source for copying conditions.  There is NO
warranty; not even for MERCHANTABILITY or FITNESS FOR A PARTICULAR PURPOSE.

configure:2539: $? = 0
configure:2546: gcc -v >&5
Using built-in specs.
Target: i486-linux-gnu
Configured with: ../src/configure -v --with-pkgversion='Debian 4.3.2-1.1' --with-bugurl=file:///usr/share/doc/gcc-4.3/README.Bugs --enable-languages=c,c++,fortran,objc,obj-c++ --prefix=/usr --enable-shared --with-system-zlib --libexecdir=/usr/lib --without-included-gettext --enable-threads=posix --enable-nls --with-gxx-include-dir=/usr/include/c++/4.3 --program-suffix=-4.3 --enable-clocale=gnu --enable-libstdcxx-debug --enable-objc-gc --enable-mpfr --enable-targets=all --enable-cld --enable-checking=release --build=i486-linux-gnu --host=i486-linux-gnu --target=i486-linux-gnu
Thread model: posix
gcc version 4.3.2 (Debian 4.3.2-1.1) 
configure:2549: $? = 0
configure:2556: gcc -V >&5
gcc: '-V' option must have argument
configure:2559: $? = 1
configure:2582: checking for C compiler default output file name
configure:2609: gcc    conftest.c  >&5
configure:2612: $? = 0
configure:2650: result: a.out
configure:2667: checking whether the C compiler works
configure:2677: ./a.out
configure:2680: $? = 0
configure:2697: result: yes
configure:2704: checking whether we are cross compiling
configure:2706: result: no
configure:2709: checking for suffix of executables
configure:2716: gcc -o conftest    conftest.c  >&5
configure:2719: $? = 0
configure:2743: result: 
configure:2749: checking for suffix of object files
configure:2775: gcc -c   conftest.c >&5
configure:2778: $? = 0
configure:2801: result: o
configure:2805: checking whether we are using the GNU C compiler
configure:2834: gcc -c   conftest.c >&5
configure:2840: $? = 0
configure:2857: result: yes
configure:2862: checking whether gcc accepts -g
configure:2892: gcc -c -g  conftest.c >&5
configure:2898: $? = 0
configure:2997: result: yes
configure:3014: checking for gcc option to accept ISO C89
configure:3088: gcc  -c -g -O2  conftest.c >&5
configure:3094: $? = 0
configure:3117: result: none needed
configure:3146: checking for style of include used by make
configure:3174: result: GNU
configure:3199: checking dependency style of gcc
configure:3290: result: gcc3
configure:3318: checking for a BSD-compatible install
configure:3374: result: /usr/bin/install -c
configure:3389: checking for gawk
configure:3416: result: mawk
configure:3432: checking how to run the C preprocessor
configure:3472: gcc -E  conftest.c
configure:3478: $? = 0
configure:3509: gcc -E  conftest.c
conftest.c:10:28: error: ac_nonexistent.h: No such file or directory
configure:3515: $? = 1
configure: failed program was:
| /* confdefs.h.  */
| #define PACKAGE_NAME "FULL-PACKAGE-NAME"
| #define PACKAGE_TARNAME "full-package-name"
| #define PACKAGE_VERSION "VERSION"
| #define PACKAGE_STRING "FULL-PACKAGE-NAME VERSION"
| #define PACKAGE_BUGREPORT "BUG-REPORT-ADDRESS"
| #define PACKAGE "hello"
| #define VERSION "1.0"
| /* end confdefs.h.  */
| #include <ac_nonexistent.h>
configure:3548: result: gcc -E
configure:3577: gcc -E  conftest.c
configure:3583: $? = 0
configure:3614: gcc -E  conftest.c
conftest.c:10:28: error: ac_nonexistent.h: No such file or directory
configure:3620: $? = 1
configure: failed program was:
| /* confdefs.h.  */
| #define PACKAGE_NAME "FULL-PACKAGE-NAME"
| #define PACKAGE_TARNAME "full-package-name"
| #define PACKAGE_VERSION "VERSION"
| #define PACKAGE_STRING "FULL-PACKAGE-NAME VERSION"
| #define PACKAGE_BUGREPORT "BUG-REPORT-ADDRESS"
| #define PACKAGE "hello"
| #define VERSION "1.0"
| /* end confdefs.h.  */
| #include <ac_nonexistent.h>
configure:3657: checking for a thread-safe mkdir -p
configure:3696: result: /bin/mkdir -p
configure:3705: checking for grep that handles long lines and -e
configure:3779: result: /bin/grep
configure:3784: checking for egrep
configure:3862: result: /bin/grep -E
configure:3867: checking for ANSI C header files
configure:3897: gcc -c -g -O2  conftest.c >&5
configure:3903: $? = 0
configure:4002: gcc -o conftest -g -O2   conftest.c  >&5
configure:4005: $? = 0
configure:4011: ./conftest
configure:4014: $? = 0
configure:4031: result: yes
configure:4055: checking for sys/types.h
configure:4076: gcc -c -g -O2  conftest.c >&5
configure:4082: $? = 0
configure:4098: result: yes
configure:4055: checking for sys/stat.h
configure:4076: gcc -c -g -O2  conftest.c >&5
configure:4082: $? = 0
configure:4098: result: yes
configure:4055: checking for stdlib.h
configure:4076: gcc -c -g -O2  conftest.c >&5
configure:4082: $? = 0
configure:4098: result: yes
configure:4055: checking for string.h
configure:4076: gcc -c -g -O2  conftest.c >&5
configure:4082: $? = 0
configure:4098: result: yes
configure:4055: checking for memory.h
configure:4076: gcc -c -g -O2  conftest.c >&5
configure:4082: $? = 0
configure:4098: result: yes
configure:4055: checking for strings.h
configure:4076: gcc -c -g -O2  conftest.c >&5
configure:4082: $? = 0
configure:4098: result: yes
configure:4055: checking for inttypes.h
configure:4076: gcc -c -g -O2  conftest.c >&5
configure:4082: $? = 0
configure:4098: result: yes
configure:4055: checking for stdint.h
configure:4076: gcc -c -g -O2  conftest.c >&5
configure:4082: $? = 0
configure:4098: result: yes
configure:4055: checking for unistd.h
configure:4076: gcc -c -g -O2  conftest.c >&5
configure:4082: $? = 0
configure:4098: result: yes
configure:4125: checking sys/time.h usability
configure:4142: gcc -c -g -O2  conftest.c >&5
configure:4148: $? = 0
configure:4162: result: yes
configure:4166: checking sys/time.h presence
configure:4181: gcc -E  conftest.c
configure:4187: $? = 0
configure:4201: result: yes
configure:4234: checking for sys/time.h
configure:4242: result: yes
configure:4257: checking whether time.h and sys/time.h may both be included
configure:4287: gcc -c -g -O2  conftest.c >&5
configure:4293: $? = 0
configure:4308: result: yes
configure:4324: checking for gettimeofday
configure:4380: gcc -o conftest -g -O2   conftest.c  >&5
configure:4386: $? = 0
configure:4404: result: yes
configure:4531: creating ./config.status

## ---------------------- ##
## Running config.status. ##
## ---------------------- ##

This file was extended by FULL-PACKAGE-NAME config.status VERSION, which was
generated by GNU Autoconf 2.61.  Invocation command line was

  CONFIG_FILES    = 
  CONFIG_HEADERS  = 
  CONFIG_LINKS    = 
  CONFIG_COMMANDS = 
  $ ./config.status 

on debko

config.status:636: creating Makefile
config.status:636: creating save/Makefile
config.status:636: creating config.h
config.status:912: executing depfiles commands

## ---------------- ##
## Cache variables. ##
## ---------------- ##

ac_cv_c_compiler_gnu=yes
ac_cv_env_CC_set=
ac_cv_env_CC_value=
ac_cv_env_CFLAGS_set=
ac_cv_env_CFLAGS_value=
ac_cv_env_CPPFLAGS_set=
ac_cv_env_CPPFLAGS_value=
ac_cv_env_CPP_set=
ac_cv_env_CPP_value=
ac_cv_env_LDFLAGS_set=
ac_cv_env_LDFLAGS_value=
ac_cv_env_LIBS_set=
ac_cv_env_LIBS_value=
ac_cv_env_build_alias_set=
ac_cv_env_build_alias_value=
ac_cv_env_host_alias_set=
ac_cv_env_host_alias_value=
ac_cv_env_target_alias_set=
ac_cv_env_target_alias_value=
ac_cv_func_gettimeofday=yes
ac_cv_header_inttypes_h=yes
ac_cv_header_memory_h=yes
ac_cv_header_stdc=yes
ac_cv_header_stdint_h=yes
ac_cv_header_stdlib_h=yes
ac_cv_header_string_h=yes
ac_cv_header_strings_h=yes
ac_cv_header_sys_stat_h=yes
ac_cv_header_sys_time_h=yes
ac_cv_header_sys_types_h=yes
ac_cv_header_time=yes
ac_cv_header_unistd_h=yes
ac_cv_objext=o
ac_cv_path_EGREP='/bin/grep -E'
ac_cv_path_GREP=/bin/grep
ac_cv_path_install='/usr/bin/install -c'
ac_cv_path_mkdir=/bin/mkdir
ac_cv_prog_AWK=mawk
ac_cv_prog_CPP='gcc -E'
ac_cv_prog_ac_ct_CC=gcc
ac_cv_prog_cc_c89=
ac_cv_prog_cc_g=yes
ac_cv_prog_make_make_set=yes
am_cv_CC_dependencies_compiler_type=gcc3

## ----------------- ##
## Output variables. ##
## ----------------- ##

ACLOCAL='${SHELL} /home/ko/WiSniDet/reference/automake/missing --run aclocal-1.10'
AMDEPBACKSLASH='\'
AMDEP_FALSE='#'
AMDEP_TRUE=''
AMTAR='${SHELL} /home/ko/WiSniDet/reference/automake/missing --run tar'
AUTOCONF='${SHELL} /home/ko/WiSniDet/reference/automake/missing --run autoconf'
AUTOHEADER='${SHELL} /home/ko/WiSniDet/reference/automake/missing --run autoheader'
AUTOMAKE='${SHELL} /home/ko/WiSniDet/reference/automake/missing --run automake-1.10'
AWK='mawk'
CC='gcc'
CCDEPMODE='depmode=gcc3'
CFLAGS='-g -O2'
CPP='gcc -E'
CPPFLAGS=''
CYGPATH_W='echo'
DEFS='-DHAVE_CONFIG_H'
DEPDIR='.deps'
ECHO_C=''
ECHO_N='-n'
ECHO_T=''
EGREP='/bin/grep -E'
EXEEXT=''
GREP='/bin/grep'
INSTALL_DATA='${INSTALL} -m 644'
INSTALL_PROGRAM='${INSTALL}'
INSTALL_SCRIPT='${INSTALL}'
INSTALL_STRIP_PROGRAM='$(install_sh) -c -s'
LDFLAGS=''
LIBOBJS=''
LIBS=''
LTLIBOBJS=''
MAKEINFO='${SHELL} /home/ko/WiSniDet/reference/automake/missing --run makeinfo'
OBJEXT='o'
PACKAGE='hello'
PACKAGE_BUGREPORT='BUG-REPORT-ADDRESS'
PACKAGE_NAME='FULL-PACKAGE-NAME'
PACKAGE_STRING='FULL-PACKAGE-NAME VERSION'
PACKAGE_TARNAME='full-package-name'
PACKAGE_VERSION='VERSION'
PATH_SEPARATOR=':'
SET_MAKE=''
SHELL='/bin/sh'
STRIP=''
VERSION='1.0'
ac_ct_CC='gcc'
am__fastdepCC_FALSE='#'
am__fastdepCC_TRUE=''
am__include='include'
am__isrc=''
am__leading_dot='.'
am__quote=''
am__tar='${AMTAR} chof - "$$tardir"'
am__untar='${AMTAR} xf -'
bindir='${exec_prefix}/bin'
build_alias=''
datadir='${datarootdir}'
datarootdir='${prefix}/share'
docdir='${datarootdir}/doc/${PACKAGE_TARNAME}'
dvidir='${docdir}'
exec_prefix='${prefix}'
host_alias=''
htmldir='${docdir}'
includedir='${prefix}/include'
infodir='${datarootdir}/info'
install_sh='$(SHELL) /home/ko/WiSniDet/reference/automake/install-sh'
libdir='${exec_prefix}/lib'
libexecdir='${exec_prefix}/libexec'
localedir='${datarootdir}/locale'
localstatedir='${prefix}/var'
mandir='${datarootdir}/man'
mkdir_p='/bin/mkdir -p'
oldincludedir='/usr/include'
pdfdir='${docdir}'
prefix='/usr/local'
program_transform_name='s,x,x,'
psdir='${docdir}'
sbindir='${exec_prefix}/sbin'
sharedstatedir='${prefix}/com'
sysconfdir='${prefix}/etc'
target_alias=''

## ----------- ##
## confdefs.h. ##
## ----------- ##

#define PACKAGE_NAME "FULL-PACKAGE-NAME"
#define PACKAGE_TARNAME "full-package-name"
#define PACKAGE_VERSION "VERSION"
#define PACKAGE_STRING "FULL-PACKAGE-NAME VERSION"
#define PACKAGE_BUGREPORT "BUG-REPORT-ADDRESS"
#define PACKAGE "hello"
#define VERSION "1.0"
#define STDC_HEADERS 1
#define HAVE_SYS_TYPES_H 1
#define HAVE_SYS_STAT_H 1
#define HAVE_STDLIB_H 1
#define HAVE_STRING_H 1
#define HAVE_MEMORY_H 1
#define HAVE_STRINGS_H 1
#define HAVE_INTTYPES_H 1
#define HAVE_STDINT_H 1
#define HAVE_UNISTD_H 1
#define HAVE_SYS_TIME_H 1
#define TIME_WITH_SYS_TIME 1
#define HAVE_GETTIMEOFDAY 1

configure: exit 0

## ---------------------- ##
## Running config.status. ##
## ---------------------- ##

This file was extended by FULL-PACKAGE-NAME config.status VERSION, which was
generated by GNU Autoconf 2.61.  Invocation command line was

  CONFIG_FILES    = 
  CONFIG_HEADERS  = 
  CONFIG_LINKS    = 
  CONFIG_COMMANDS = 
  $ ./config.status config.h

on debko

config.status:636: creating config.h
