Build started 4/9/2010 1:43:15 PM.
     1>Project "D:\ko\Documents\Senior Design\WiSniDet\win32\pmd\pmd.vcxproj" on node 13 (rebuild target(s)).
     1>_PrepareForClean:
         Deleting file "Release\pmd.lastbuildstate".
       _PrepareForBuild:
         Creating "Release\pmd.unsuccessfulbuild" because "AlwaysCreate" was specified.
       ClCompile:
         C:\Program Files\Microsoft Visual Studio 10.0\VC\bin\CL.exe /c /Zi /nologo /W3 /WX- /O2 /Oi /Oy- /GL /D WIN32 /D NDEBUG /D _CONSOLE /D _UNICODE /D UNICODE /Gm- /EHsc /MD /GS /Gy /fp:precise /Zc:wchar_t /Zc:forScope /Yc"StdAfx.h" /Fp"Release\pmd.pch" /Fo"Release\\" /Fd"Release\vc100.pdb" /Gd /TP /analyze- /errorReport:prompt stdafx.cpp
         stdafx.cpp
         C:\Program Files\Microsoft Visual Studio 10.0\VC\bin\CL.exe /c /Zi /nologo /W3 /WX- /O2 /Oi /Oy- /GL /D WIN32 /D NDEBUG /D _CONSOLE /D _UNICODE /D UNICODE /Gm- /EHsc /MD /GS /Gy /fp:precise /Zc:wchar_t /Zc:forScope /Yu"StdAfx.h" /Fp"Release\pmd.pch" /Fo"Release\\" /Fd"Release\vc100.pdb" /Gd /TP /analyze- /errorReport:prompt main.cpp pmd.cpp
         main.cpp
         pmd.cpp
       Link:
         C:\Program Files\Microsoft Visual Studio 10.0\VC\bin\link.exe /ERRORREPORT:PROMPT /OUT:"D:\ko\Documents\Senior Design\WiSniDet\win32\Release\pmd.exe" /INCREMENTAL:NO /NOLOGO kernel32.lib user32.lib gdi32.lib winspool.lib comdlg32.lib advapi32.lib shell32.lib ole32.lib oleaut32.lib uuid.lib odbc32.lib odbccp32.lib /MANIFEST /ManifestFile:"Release\pmd.exe.intermediate.manifest" /MANIFESTUAC:"level='asInvoker' uiAccess='false'" /DEBUG /PDB:"D:\ko\Documents\Senior Design\WiSniDet\win32\Release\pmd.pdb" /SUBSYSTEM:CONSOLE /OPT:REF /OPT:ICF /LTCG /TLBID:1 /DYNAMICBASE /NXCOMPAT /IMPLIB:"D:\ko\Documents\Senior Design\WiSniDet\win32\Release\pmd.lib" /MACHINE:X86 Release\main.obj
         Release\pmd.obj
         Release\stdafx.obj
         Generating code
         Finished generating code
         pmd.vcxproj -> D:\ko\Documents\Senior Design\WiSniDet\win32\Release\pmd.exe
       Manifest:
         C:\Program Files\Microsoft SDKs\Windows\v7.0A\bin\mt.exe /nologo /verbose /outputresource:"D:\ko\Documents\Senior Design\WiSniDet\win32\Release\pmd.exe;#1" /manifest Release\pmd.exe.intermediate.manifest
       _AfterBuild:
         Deleting file "Release\pmd.unsuccessfulbuild".
         Touching "Release\pmd.lastbuildstate".
     1>Done Building Project "D:\ko\Documents\Senior Design\WiSniDet\win32\pmd\pmd.vcxproj" (rebuild target(s)).

Build succeeded.

Time Elapsed 00:00:10.51
